<?xml version="1.0" encoding="UTF-8"?>
<!-- Generated by org.testng.reporters.JUnitXMLReporter -->
<testsuite ignored="0" hostname="DESKTOP-AG0407A" failures="1" tests="4" name="Test" time="84.354" errors="0" timestamp="2023-08-09T17:58:57 IST">
  <testcase classname="user_module.MyOrderTest" name="myOrderTest" time="13.473">
    <skipped/>
  </testcase> <!-- myOrderTest -->
  <testcase classname="user_module.MyOrderTest" name="myOrderTest" time="5.151">
    <skipped/>
  </testcase> <!-- myOrderTest -->
  <testcase classname="user_module.MyOrderTest" name="myOrderTest" time="4.761">
    <skipped/>
  </testcase> <!-- myOrderTest -->
  <testcase classname="user_module.MyOrderTest" name="myOrderTest" time="4.484">
    <failure type="java.lang.AssertionError" message="null">
      <![CDATA[java.lang.AssertionError: null
at user_module.MyOrderTest.myOrderTest(MyOrderTest.java:50)
at java.base/java.util.ArrayList.forEach(ArrayList.java:1511)
at java.base/java.util.concurrent.FutureTask.run(FutureTask.java:317)
at java.base/java.util.concurrent.ThreadPoolExecutor.runWorker(ThreadPoolExecutor.java:1144)
at java.base/java.util.concurrent.ThreadPoolExecutor$Worker.run(ThreadPoolExecutor.java:642)
at java.base/java.lang.Thread.run(Thread.java:1589)
... Removed 18 stack frames]]>
    </failure>
  </testcase> <!-- myOrderTest -->
</testsuite> <!-- Test -->
